# JRE version: Java(TM) SE Runtime Environment (24.0.1+9) (build 24.0.1+9-30)
# Java VM: Java HotSpot(TM) 64-Bit Server VM (24.0.1+9-30, mixed mode, emulated-client, sharing, tiered, compressed oops, compressed class ptrs, g1 gc, windows-amd64)
GC Precious Log:
 CardTable entry size: 512
 Card Set container configuration: InlinePtr #cards 5 size 8 Array Of Cards #cards 10 size 36 Howl #buckets 4 coarsen threshold 1843 Howl Bitmap #cards 512 size 80 coarsen threshold 460 Card regions per heap region 1 cards per card region 2048
 CPUs: 8 total, 8 available
 Memory: 8069M
 Large Page Support: Disabled
 NUMA Support: Disabled
 Compressed Oops: Enabled (32-bit)
 Heap Region Size: 1M
 Heap Min Capacity: 8M
 Heap Initial Capacity: 128M
 Heap Max Capacity: 2018M
 Pre-touch: Disabled
 Parallel Workers: 8
 Concurrent Workers: 2
 Concurrent Refinement Workers: 8
 Periodic GC: Disabled
Heap:
 garbage-first heap   total reserved 2066432K, committed 70656K, used 56321K [0x0000000081e00000, 0x0000000100000000)
  region size 1024K, 23 young (23552K), 4 survivors (4096K)
 Metaspace       used 76503K, committed 77312K, reserved 1179648K
  class space    used 8629K, committed 8960K, reserved 1048576K
GC Heap History (20 events):
Event: 11.097 GC heap before
{Heap before GC invocations=6 (full 0):
 garbage-first heap   total reserved 2066432K, committed 58368K, used 45399K [0x0000000081e00000, 0x0000000100000000)
  region size 1024K, 24 young (24576K), 2 survivors (2048K)
 Metaspace       used 35678K, committed 36096K, reserved 1114112K
  class space    used 3832K, committed 4032K, reserved 1048576K
}
Event: 11.111 GC heap after
{Heap after GC invocations=7 (full 0):
 garbage-first heap   total reserved 2066432K, committed 58368K, used 26033K [0x0000000081e00000, 0x0000000100000000)
  region size 1024K, 2 young (2048K), 2 survivors (2048K)
 Metaspace       used 35678K, committed 36096K, reserved 1114112K
  class space    used 3832K, committed 4032K, reserved 1048576K
}
Event: 12.201 GC heap before
{Heap before GC invocations=8 (full 0):
 garbage-first heap   total reserved 2066432K, committed 58368K, used 48561K [0x0000000081e00000, 0x0000000100000000)
  region size 1024K, 24 young (24576K), 2 survivors (2048K)
 Metaspace       used 40145K, committed 40640K, reserved 1114112K
  class space    used 4393K, committed 4608K, reserved 1048576K
}
Event: 12.206 GC heap after
{Heap after GC invocations=9 (full 0):
 garbage-first heap   total reserved 2066432K, committed 58368K, used 27566K [0x0000000081e00000, 0x0000000100000000)
  region size 1024K, 2 young (2048K), 2 survivors (2048K)
 Metaspace       used 40145K, committed 40640K, reserved 1114112K
  class space    used 4393K, committed 4608K, reserved 1048576K
}
Event: 13.386 GC heap before
{Heap before GC invocations=9 (full 0):
 garbage-first heap   total reserved 2066432K, committed 58368K, used 49070K [0x0000000081e00000, 0x0000000100000000)
  region size 1024K, 23 young (23552K), 2 survivors (2048K)
 Metaspace       used 45342K, committed 45888K, reserved 1114112K
  class space    used 5024K, committed 5248K, reserved 1048576K
}
Event: 13.392 GC heap after
{Heap after GC invocations=10 (full 0):
 garbage-first heap   total reserved 2066432K, committed 58368K, used 29172K [0x0000000081e00000, 0x0000000100000000)
  region size 1024K, 3 young (3072K), 3 survivors (3072K)
 Metaspace       used 45342K, committed 45888K, reserved 1114112K
  class space    used 5024K, committed 5248K, reserved 1048576K
}
Event: 14.620 GC heap before
{Heap before GC invocations=10 (full 0):
 garbage-first heap   total reserved 2066432K, committed 58368K, used 50676K [0x0000000081e00000, 0x0000000100000000)
  region size 1024K, 24 young (24576K), 3 survivors (3072K)
 Metaspace       used 54363K, committed 54848K, reserved 1114112K
  class space    used 5943K, committed 6144K, reserved 1048576K
}
Event: 14.630 GC heap after
{Heap after GC invocations=11 (full 0):
 garbage-first heap   total reserved 2066432K, committed 58368K, used 32068K [0x0000000081e00000, 0x0000000100000000)
  region size 1024K, 3 young (3072K), 3 survivors (3072K)
 Metaspace       used 54363K, committed 54848K, reserved 1114112K
  class space    used 5943K, committed 6144K, reserved 1048576K
}
Event: 15.324 GC heap before
{Heap before GC invocations=12 (full 0):
 garbage-first heap   total reserved 2066432K, committed 58368K, used 49476K [0x0000000081e00000, 0x0000000100000000)
  region size 1024K, 21 young (21504K), 3 survivors (3072K)
 Metaspace       used 58474K, committed 59008K, reserved 1114112K
  class space    used 6298K, committed 6528K, reserved 1048576K
}
Event: 15.329 GC heap after
{Heap after GC invocations=13 (full 0):
 garbage-first heap   total reserved 2066432K, committed 58368K, used 33278K [0x0000000081e00000, 0x0000000100000000)
  region size 1024K, 2 young (2048K), 2 survivors (2048K)
 Metaspace       used 58474K, committed 59008K, reserved 1114112K
  class space    used 6298K, committed 6528K, reserved 1048576K
}
Event: 16.229 GC heap before
{Heap before GC invocations=13 (full 0):
 garbage-first heap   total reserved 2066432K, committed 58368K, used 49662K [0x0000000081e00000, 0x0000000100000000)
  region size 1024K, 19 young (19456K), 2 survivors (2048K)
 Metaspace       used 64476K, committed 64960K, reserved 1114112K
  class space    used 7113K, committed 7296K, reserved 1048576K
}
Event: 16.236 GC heap after
{Heap after GC invocations=14 (full 0):
 garbage-first heap   total reserved 2066432K, committed 58368K, used 33290K [0x0000000081e00000, 0x0000000100000000)
  region size 1024K, 2 young (2048K), 2 survivors (2048K)
 Metaspace       used 64476K, committed 64960K, reserved 1114112K
  class space    used 7113K, committed 7296K, reserved 1048576K
}
Event: 17.089 GC heap before
{Heap before GC invocations=14 (full 0):
 garbage-first heap   total reserved 2066432K, committed 58368K, used 50698K [0x0000000081e00000, 0x0000000100000000)
  region size 1024K, 20 young (20480K), 2 survivors (2048K)
 Metaspace       used 68835K, committed 69376K, reserved 1114112K
  class space    used 7583K, committed 7808K, reserved 1048576K
}
Event: 17.094 GC heap after
{Heap after GC invocations=15 (full 0):
 garbage-first heap   total reserved 2066432K, committed 58368K, used 34122K [0x0000000081e00000, 0x0000000100000000)
  region size 1024K, 2 young (2048K), 2 survivors (2048K)
 Metaspace       used 68835K, committed 69376K, reserved 1114112K
  class space    used 7583K, committed 7808K, reserved 1048576K
}
Event: 17.766 GC heap before
{Heap before GC invocations=16 (full 0):
 garbage-first heap   total reserved 2066432K, committed 58368K, used 51530K [0x0000000081e00000, 0x0000000100000000)
  region size 1024K, 19 young (19456K), 2 survivors (2048K)
 Metaspace       used 70246K, committed 70848K, reserved 1114112K
  class space    used 7812K, committed 8064K, reserved 1048576K
}
Event: 17.773 GC heap after
{Heap after GC invocations=17 (full 0):
 garbage-first heap   total reserved 2066432K, committed 58368K, used 35654K [0x0000000081e00000, 0x0000000100000000)
  region size 1024K, 3 young (3072K), 3 survivors (3072K)
 Metaspace       used 70246K, committed 70848K, reserved 1114112K
  class space    used 7812K, committed 8064K, reserved 1048576K
}
Event: 18.666 GC heap before
{Heap before GC invocations=17 (full 0):
 garbage-first heap   total reserved 2066432K, committed 58368K, used 51014K [0x0000000081e00000, 0x0000000100000000)
  region size 1024K, 18 young (18432K), 3 survivors (3072K)
 Metaspace       used 71935K, committed 72576K, reserved 1114112K
  class space    used 8021K, committed 8320K, reserved 1048576K
}
Event: 18.675 GC heap after
{Heap after GC invocations=18 (full 0):
 garbage-first heap   total reserved 2066432K, committed 70656K, used 36850K [0x0000000081e00000, 0x0000000100000000)
  region size 1024K, 2 young (2048K), 2 survivors (2048K)
 Metaspace       used 71935K, committed 72576K, reserved 1114112K
  class space    used 8021K, committed 8320K, reserved 1048576K
}
Event: 19.753 GC heap before
{Heap before GC invocations=18 (full 0):
 garbage-first heap   total reserved 2066432K, committed 70656K, used 60402K [0x0000000081e00000, 0x0000000100000000)
  region size 1024K, 26 young (26624K), 2 survivors (2048K)
 Metaspace       used 74793K, committed 75520K, reserved 1179648K
  class space    used 8390K, committed 8704K, reserved 1048576K
}
Event: 19.759 GC heap after
{Heap after GC invocations=19 (full 0):
 garbage-first heap   total reserved 2066432K, committed 70656K, used 38913K [0x0000000081e00000, 0x0000000100000000)
  region size 1024K, 4 young (4096K), 4 survivors (4096K)
 Metaspace       used 74793K, committed 75520K, reserved 1179648K
  class space    used 8390K, committed 8704K, reserved 1048576K
}

