# JRE version: OpenJDK Runtime Environment (23.0.1+11) (build 23.0.1+11-39)
# Java VM: OpenJDK 64-Bit Server VM (23.0.1+11-39, mixed mode, sharing, tiered, compressed oops, compressed class ptrs, g1 gc, windows-amd64)
GC Precious Log:
 CardTable entry size: 512
 Card Set container configuration: InlinePtr #cards 5 size 8 Array Of Cards #cards 10 size 36 Howl #buckets 4 coarsen threshold 1843 Howl Bitmap #cards 512 size 80 coarsen threshold 460 Card regions per heap region 1 cards per card region 2048
 CPUs: 8 total, 8 available
 Memory: 7959M
 Large Page Support: Disabled
 NUMA Support: Disabled
 Compressed Oops: Enabled (32-bit)
 Heap Region Size: 1M
 Heap Min Capacity: 8M
 Heap Initial Capacity: 126M
 Heap Max Capacity: 1990M
 Pre-touch: Disabled
 Parallel Workers: 8
 Concurrent Workers: 2
 Concurrent Refinement Workers: 8
 Periodic GC: Disabled
Heap:
 garbage-first heap   total reserved 2037760K, committed 61440K, used 48278K [0x0000000083a00000, 0x0000000100000000)
  region size 1024K, 22 young (22528K), 3 survivors (3072K)
 Metaspace       used 62680K, committed 63232K, reserved 1114112K
  class space    used 8597K, committed 8832K, reserved 1048576K
GC Heap History (20 events):
Event: 9.126 GC heap before
{Heap before GC invocations=1 (full 0):
 garbage-first heap   total reserved 2037760K, committed 129024K, used 31317K [0x0000000083a00000, 0x0000000100000000)
  region size 1024K, 23 young (23552K), 3 survivors (3072K)
 Metaspace       used 10036K, committed 10304K, reserved 1114112K
  class space    used 1213K, committed 1344K, reserved 1048576K
}
Event: 9.135 GC heap after
{Heap after GC invocations=2 (full 0):
 garbage-first heap   total reserved 2037760K, committed 129024K, used 12485K [0x0000000083a00000, 0x0000000100000000)
  region size 1024K, 2 young (2048K), 2 survivors (2048K)
 Metaspace       used 10036K, committed 10304K, reserved 1114112K
  class space    used 1213K, committed 1344K, reserved 1048576K
}
Event: 15.693 GC heap before
{Heap before GC invocations=2 (full 0):
 garbage-first heap   total reserved 2037760K, committed 129024K, used 69829K [0x0000000083a00000, 0x0000000100000000)
  region size 1024K, 55 young (56320K), 2 survivors (2048K)
 Metaspace       used 21209K, committed 21504K, reserved 1114112K
  class space    used 2629K, committed 2752K, reserved 1048576K
}
Event: 15.708 GC heap after
{Heap after GC invocations=3 (full 0):
 garbage-first heap   total reserved 2037760K, committed 129024K, used 18432K [0x0000000083a00000, 0x0000000100000000)
  region size 1024K, 7 young (7168K), 7 survivors (7168K)
 Metaspace       used 21209K, committed 21504K, reserved 1114112K
  class space    used 2629K, committed 2752K, reserved 1048576K
}
Event: 32.153 GC heap before
{Heap before GC invocations=4 (full 0):
 garbage-first heap   total reserved 2037760K, committed 61440K, used 48128K [0x0000000083a00000, 0x0000000100000000)
  region size 1024K, 36 young (36864K), 7 survivors (7168K)
 Metaspace       used 28071K, committed 28480K, reserved 1114112K
  class space    used 3463K, committed 3648K, reserved 1048576K
}
Event: 32.174 GC heap after
{Heap after GC invocations=5 (full 0):
 garbage-first heap   total reserved 2037760K, committed 61440K, used 20992K [0x0000000083a00000, 0x0000000100000000)
  region size 1024K, 3 young (3072K), 3 survivors (3072K)
 Metaspace       used 28071K, committed 28480K, reserved 1114112K
  class space    used 3463K, committed 3648K, reserved 1048576K
}
Event: 34.963 GC heap before
{Heap before GC invocations=5 (full 0):
 garbage-first heap   total reserved 2037760K, committed 61440K, used 45568K [0x0000000083a00000, 0x0000000100000000)
  region size 1024K, 28 young (28672K), 3 survivors (3072K)
 Metaspace       used 32157K, committed 32576K, reserved 1114112K
  class space    used 4061K, committed 4288K, reserved 1048576K
}
Event: 34.979 GC heap after
{Heap after GC invocations=6 (full 0):
 garbage-first heap   total reserved 2037760K, committed 61440K, used 24064K [0x0000000083a00000, 0x0000000100000000)
  region size 1024K, 4 young (4096K), 4 survivors (4096K)
 Metaspace       used 32157K, committed 32576K, reserved 1114112K
  class space    used 4061K, committed 4288K, reserved 1048576K
}
Event: 36.354 GC heap before
{Heap before GC invocations=6 (full 0):
 garbage-first heap   total reserved 2037760K, committed 61440K, used 46592K [0x0000000083a00000, 0x0000000100000000)
  region size 1024K, 28 young (28672K), 4 survivors (4096K)
 Metaspace       used 35537K, committed 35968K, reserved 1114112K
  class space    used 4584K, committed 4800K, reserved 1048576K
}
Event: 36.368 GC heap after
{Heap after GC invocations=7 (full 0):
 garbage-first heap   total reserved 2037760K, committed 61440K, used 25204K [0x0000000083a00000, 0x0000000100000000)
  region size 1024K, 2 young (2048K), 2 survivors (2048K)
 Metaspace       used 35537K, committed 35968K, reserved 1114112K
  class space    used 4584K, committed 4800K, reserved 1048576K
}
Event: 38.291 GC heap before
{Heap before GC invocations=8 (full 0):
 garbage-first heap   total reserved 2037760K, committed 61440K, used 48756K [0x0000000083a00000, 0x0000000100000000)
  region size 1024K, 26 young (26624K), 2 survivors (2048K)
 Metaspace       used 40718K, committed 41152K, reserved 1114112K
  class space    used 5215K, committed 5376K, reserved 1048576K
}
Event: 38.306 GC heap after
{Heap after GC invocations=9 (full 0):
 garbage-first heap   total reserved 2037760K, committed 61440K, used 27435K [0x0000000083a00000, 0x0000000100000000)
  region size 1024K, 4 young (4096K), 4 survivors (4096K)
 Metaspace       used 40718K, committed 41152K, reserved 1114112K
  class space    used 5215K, committed 5376K, reserved 1048576K
}
Event: 40.469 GC heap before
{Heap before GC invocations=9 (full 0):
 garbage-first heap   total reserved 2037760K, committed 61440K, used 49963K [0x0000000083a00000, 0x0000000100000000)
  region size 1024K, 27 young (27648K), 4 survivors (4096K)
 Metaspace       used 45955K, committed 46464K, reserved 1114112K
  class space    used 5993K, committed 6208K, reserved 1048576K
}
Event: 40.483 GC heap after
{Heap after GC invocations=10 (full 0):
 garbage-first heap   total reserved 2037760K, committed 61440K, used 27439K [0x0000000083a00000, 0x0000000100000000)
  region size 1024K, 3 young (3072K), 3 survivors (3072K)
 Metaspace       used 45955K, committed 46464K, reserved 1114112K
  class space    used 5993K, committed 6208K, reserved 1048576K
}
Event: 42.570 GC heap before
{Heap before GC invocations=10 (full 0):
 garbage-first heap   total reserved 2037760K, committed 61440K, used 52015K [0x0000000083a00000, 0x0000000100000000)
  region size 1024K, 28 young (28672K), 3 survivors (3072K)
 Metaspace       used 51093K, committed 51584K, reserved 1114112K
  class space    used 6819K, committed 7040K, reserved 1048576K
}
Event: 42.591 GC heap after
{Heap after GC invocations=11 (full 0):
 garbage-first heap   total reserved 2037760K, committed 61440K, used 29195K [0x0000000083a00000, 0x0000000100000000)
  region size 1024K, 3 young (3072K), 3 survivors (3072K)
 Metaspace       used 51093K, committed 51584K, reserved 1114112K
  class space    used 6819K, committed 7040K, reserved 1048576K
}
Event: 43.804 GC heap before
{Heap before GC invocations=11 (full 0):
 garbage-first heap   total reserved 2037760K, committed 61440K, used 51723K [0x0000000083a00000, 0x0000000100000000)
  region size 1024K, 26 young (26624K), 3 survivors (3072K)
 Metaspace       used 57476K, committed 58048K, reserved 1114112K
  class space    used 7685K, committed 7936K, reserved 1048576K
}
Event: 43.823 GC heap after
{Heap after GC invocations=12 (full 0):
 garbage-first heap   total reserved 2037760K, committed 61440K, used 30295K [0x0000000083a00000, 0x0000000100000000)
  region size 1024K, 3 young (3072K), 3 survivors (3072K)
 Metaspace       used 57476K, committed 58048K, reserved 1114112K
  class space    used 7685K, committed 7936K, reserved 1048576K
}
Event: 44.491 GC heap before
{Heap before GC invocations=12 (full 0):
 garbage-first heap   total reserved 2037760K, committed 61440K, used 39511K [0x0000000083a00000, 0x0000000100000000)
  region size 1024K, 14 young (14336K), 3 survivors (3072K)
 Metaspace       used 59585K, committed 60096K, reserved 1114112K
  class space    used 8082K, committed 8320K, reserved 1048576K
}
Event: 44.498 GC heap after
{Heap after GC invocations=13 (full 0):
 garbage-first heap   total reserved 2037760K, committed 61440K, used 30870K [0x0000000083a00000, 0x0000000100000000)
  region size 1024K, 3 young (3072K), 3 survivors (3072K)
 Metaspace       used 59585K, committed 60096K, reserved 1114112K
  class space    used 8082K, committed 8320K, reserved 1048576K
}

